\BOOKMARK [0][-]{chapter*.1}{Eidesstattliche Erkl\344rung}{}% 1
\BOOKMARK [0][-]{chapter*.2}{Danksagung}{}% 2
\BOOKMARK [0][-]{chapter*.3}{Zusammenfassung}{}% 3
\BOOKMARK [0][-]{chapter*.4}{Inhaltsverzeichnis}{}% 4
\BOOKMARK [0][-]{chapter*.5}{Abk\374rzungsverzeichnis}{}% 5
\BOOKMARK [0][-]{chapter*.6}{Abbildungsverzeichnis}{}% 6
\BOOKMARK [0][-]{chapter*.7}{Tabellenverzeichnis}{}% 7
\BOOKMARK [0][-]{chapter.1}{Einleitung}{}% 8
\BOOKMARK [1][-]{section.1.1}{Motivation}{chapter.1}% 9
\BOOKMARK [1][-]{section.1.2}{Ziel der Arbeit}{chapter.1}% 10
\BOOKMARK [1][-]{section.1.3}{\334berblick}{chapter.1}% 11
\BOOKMARK [0][-]{chapter.2}{Vorbetrachtungen und Grundlagen}{}% 12
\BOOKMARK [1][-]{section.2.1}{Begriffsdefinition Digital Rights Management}{chapter.2}% 13
\BOOKMARK [1][-]{section.2.2}{Aufbau von DRM Systemen}{chapter.2}% 14
\BOOKMARK [1][-]{section.2.3}{Hard Weight DRM}{chapter.2}% 15
\BOOKMARK [1][-]{section.2.4}{Light Weight DRM}{chapter.2}% 16
\BOOKMARK [1][-]{section.2.5}{Anforderungen an DRM}{chapter.2}% 17
\BOOKMARK [2][-]{subsection.2.5.1}{Authentifikaiton}{section.2.5}% 18
\BOOKMARK [2][-]{subsection.2.5.2}{Autorisierung}{section.2.5}% 19
\BOOKMARK [1][-]{section.2.6}{Juristische Betrachtung}{chapter.2}% 20
\BOOKMARK [2][-]{subsection.2.6.1}{Recht auf L\366schung der Daten}{section.2.6}% 21
\BOOKMARK [2][-]{subsection.2.6.2}{Recht auf Privatkopie}{section.2.6}% 22
\BOOKMARK [2][-]{subsection.2.6.3}{Datenschutzgrundverordnung}{section.2.6}% 23
\BOOKMARK [2][-]{subsection.2.6.4}{Urheberrecht}{section.2.6}% 24
\BOOKMARK [1][-]{section.2.7}{Gesellschaftliche Betrachtung}{chapter.2}% 25
\BOOKMARK [1][-]{section.2.8}{\326konomische Betrachtung}{chapter.2}% 26
\BOOKMARK [1][-]{section.2.9}{Bestehende Probleme}{chapter.2}% 27
\BOOKMARK [0][-]{chapter.3}{Stand der Technik}{}% 28
\BOOKMARK [1][-]{section.3.1}{DRM Architekur}{chapter.3}% 29
\BOOKMARK [1][-]{section.3.2}{Verschl\374sselung}{chapter.3}% 30
\BOOKMARK [1][-]{section.3.3}{Digitale Wasserzeichen}{chapter.3}% 31
\BOOKMARK [1][-]{section.3.4}{Trusted Computing}{chapter.3}% 32
\BOOKMARK [1][-]{section.3.5}{Rechtedefinitionssprachen}{chapter.3}% 33
\BOOKMARK [0][-]{chapter.4}{Konzept auf Basis der Technologie Blockchain}{}% 34
\BOOKMARK [1][-]{section.4.1}{Themenbezogene Ver\366ffentlichungen}{chapter.4}% 35
\BOOKMARK [1][-]{section.4.2}{Funktionsweise}{chapter.4}% 36
\BOOKMARK [0][-]{chapter.5}{Ergebnisse}{}% 37
\BOOKMARK [0][-]{chapter.6}{Diskussion}{}% 38
\BOOKMARK [1][-]{section.6.1}{Zusammenfassende Bewertung}{chapter.6}% 39
\BOOKMARK [1][-]{section.6.2}{Ausblick}{chapter.6}% 40
\BOOKMARK [0][-]{chapter*.9}{Literaturverzeichnis}{}% 41
